<?xml version="1.0" encoding="UTF-8"?>
<testsuites>
  <testsuite name="" tests="44" assertions="130" errors="0" warnings="0" failures="0" skipped="0" time="0.029461">
    <testsuite name="Project Test Suite" tests="44" assertions="130" errors="0" warnings="0" failures="0" skipped="0" time="0.029461">
      <testsuite name="App\Card\CardHandTest" file="/home/grm/dbwebb-kurser/mvc/me/grmMvc21Lib/tests/Card/CardHandTest.php" tests="9" assertions="16" errors="0" warnings="0" failures="0" skipped="0" time="0.008243">
        <testcase name="testCreateObjectNoArgument" class="App\Card\CardHandTest" classname="App.Card.CardHandTest" file="/home/grm/dbwebb-kurser/mvc/me/grmMvc21Lib/tests/Card/CardHandTest.php" line="16" assertions="2" time="0.005471"/>
        <testcase name="testCreateObjectWithArgument" class="App\Card\CardHandTest" classname="App.Card.CardHandTest" file="/home/grm/dbwebb-kurser/mvc/me/grmMvc21Lib/tests/Card/CardHandTest.php" line="27" assertions="2" time="0.000784"/>
        <testcase name="testAddNewCard" class="App\Card\CardHandTest" classname="App.Card.CardHandTest" file="/home/grm/dbwebb-kurser/mvc/me/grmMvc21Lib/tests/Card/CardHandTest.php" line="37" assertions="1" time="0.000280"/>
        <testcase name="testAddNewCardJson" class="App\Card\CardHandTest" classname="App.Card.CardHandTest" file="/home/grm/dbwebb-kurser/mvc/me/grmMvc21Lib/tests/Card/CardHandTest.php" line="48" assertions="3" time="0.000318"/>
        <testcase name="testAddNewCardImg" class="App\Card\CardHandTest" classname="App.Card.CardHandTest" file="/home/grm/dbwebb-kurser/mvc/me/grmMvc21Lib/tests/Card/CardHandTest.php" line="61" assertions="2" time="0.000325"/>
        <testcase name="testGetSumOfHandAceLow" class="App\Card\CardHandTest" classname="App.Card.CardHandTest" file="/home/grm/dbwebb-kurser/mvc/me/grmMvc21Lib/tests/Card/CardHandTest.php" line="73" assertions="1" time="0.000256"/>
        <testcase name="testGetSumOfHandAceHigh" class="App\Card\CardHandTest" classname="App.Card.CardHandTest" file="/home/grm/dbwebb-kurser/mvc/me/grmMvc21Lib/tests/Card/CardHandTest.php" line="84" assertions="1" time="0.000261"/>
        <testcase name="testGetSumOfHandWithQueen" class="App\Card\CardHandTest" classname="App.Card.CardHandTest" file="/home/grm/dbwebb-kurser/mvc/me/grmMvc21Lib/tests/Card/CardHandTest.php" line="95" assertions="2" time="0.000264"/>
        <testcase name="testGetSumOfHandWithJack" class="App\Card\CardHandTest" classname="App.Card.CardHandTest" file="/home/grm/dbwebb-kurser/mvc/me/grmMvc21Lib/tests/Card/CardHandTest.php" line="107" assertions="2" time="0.000284"/>
      </testsuite>
      <testsuite name="App\Card\CardTest" file="/home/grm/dbwebb-kurser/mvc/me/grmMvc21Lib/tests/Card/CardTest.php" tests="1" assertions="3" errors="0" warnings="0" failures="0" skipped="0" time="0.000272">
        <testcase name="testCreateObjectWithArgument" class="App\Card\CardTest" classname="App.Card.CardTest" file="/home/grm/dbwebb-kurser/mvc/me/grmMvc21Lib/tests/Card/CardTest.php" line="16" assertions="3" time="0.000272"/>
      </testsuite>
      <testsuite name="App\Card\DealerTest" file="/home/grm/dbwebb-kurser/mvc/me/grmMvc21Lib/tests/Card/DealerTest.php" tests="6" assertions="10" errors="0" warnings="0" failures="0" skipped="0" time="0.003356">
        <testcase name="testCreateObjectWithArgument" class="App\Card\DealerTest" classname="App.Card.DealerTest" file="/home/grm/dbwebb-kurser/mvc/me/grmMvc21Lib/tests/Card/DealerTest.php" line="17" assertions="3" time="0.001713"/>
        <testcase name="testGetResultContent" class="App\Card\DealerTest" classname="App.Card.DealerTest" file="/home/grm/dbwebb-kurser/mvc/me/grmMvc21Lib/tests/Card/DealerTest.php" line="29" assertions="1" time="0.000379"/>
        <testcase name="testGetResultContentScoreLow" class="App\Card\DealerTest" classname="App.Card.DealerTest" file="/home/grm/dbwebb-kurser/mvc/me/grmMvc21Lib/tests/Card/DealerTest.php" line="44" assertions="1" time="0.000331"/>
        <testcase name="testGetResultNotContent" class="App\Card\DealerTest" classname="App.Card.DealerTest" file="/home/grm/dbwebb-kurser/mvc/me/grmMvc21Lib/tests/Card/DealerTest.php" line="61" assertions="1" time="0.000309"/>
        <testcase name="testGetResultLoss" class="App\Card\DealerTest" classname="App.Card.DealerTest" file="/home/grm/dbwebb-kurser/mvc/me/grmMvc21Lib/tests/Card/DealerTest.php" line="77" assertions="1" time="0.000305"/>
        <testcase name="testGetResultScoreHighLargerThanScoreLow" class="App\Card\DealerTest" classname="App.Card.DealerTest" file="/home/grm/dbwebb-kurser/mvc/me/grmMvc21Lib/tests/Card/DealerTest.php" line="93" assertions="3" time="0.000319"/>
      </testsuite>
      <testsuite name="App\Card\DeckTest" file="/home/grm/dbwebb-kurser/mvc/me/grmMvc21Lib/tests/Card/DeckTest.php" tests="5" assertions="22" errors="0" warnings="0" failures="0" skipped="0" time="0.004611">
        <testcase name="testCreateObjectWithArgument" class="App\Card\DeckTest" classname="App.Card.DeckTest" file="/home/grm/dbwebb-kurser/mvc/me/grmMvc21Lib/tests/Card/DeckTest.php" line="16" assertions="2" time="0.001036"/>
        <testcase name="testGetCard" class="App\Card\DeckTest" classname="App.Card.DeckTest" file="/home/grm/dbwebb-kurser/mvc/me/grmMvc21Lib/tests/Card/DeckTest.php" line="29" assertions="6" time="0.000470"/>
        <testcase name="testShuffle" class="App\Card\DeckTest" classname="App.Card.DeckTest" file="/home/grm/dbwebb-kurser/mvc/me/grmMvc21Lib/tests/Card/DeckTest.php" line="49" assertions="2" time="0.001994"/>
        <testcase name="testGetTopCard" class="App\Card\DeckTest" classname="App.Card.DeckTest" file="/home/grm/dbwebb-kurser/mvc/me/grmMvc21Lib/tests/Card/DeckTest.php" line="66" assertions="6" time="0.000393"/>
        <testcase name="testSortDeck" class="App\Card\DeckTest" classname="App.Card.DeckTest" file="/home/grm/dbwebb-kurser/mvc/me/grmMvc21Lib/tests/Card/DeckTest.php" line="85" assertions="6" time="0.000719"/>
      </testsuite>
      <testsuite name="App\Card\Game21PlayTest" file="/home/grm/dbwebb-kurser/mvc/me/grmMvc21Lib/tests/Card/Game21PlayTest.php" tests="8" assertions="32" errors="0" warnings="0" failures="0" skipped="0" time="0.006418">
        <testcase name="testPlayEqualBankWins" class="App\Card\Game21PlayTest" classname="App.Card.Game21PlayTest" file="/home/grm/dbwebb-kurser/mvc/me/grmMvc21Lib/tests/Card/Game21PlayTest.php" line="16" assertions="4" time="0.002055"/>
        <testcase name="testPlayBankWins" class="App\Card\Game21PlayTest" classname="App.Card.Game21PlayTest" file="/home/grm/dbwebb-kurser/mvc/me/grmMvc21Lib/tests/Card/Game21PlayTest.php" line="35" assertions="3" time="0.000657"/>
        <testcase name="testPlay1PlayerWins" class="App\Card\Game21PlayTest" classname="App.Card.Game21PlayTest" file="/home/grm/dbwebb-kurser/mvc/me/grmMvc21Lib/tests/Card/Game21PlayTest.php" line="53" assertions="4" time="0.000529"/>
        <testcase name="testPlay2Players1stWins" class="App\Card\Game21PlayTest" classname="App.Card.Game21PlayTest" file="/home/grm/dbwebb-kurser/mvc/me/grmMvc21Lib/tests/Card/Game21PlayTest.php" line="73" assertions="5" time="0.000572"/>
        <testcase name="testPlay2Player2ndWins" class="App\Card\Game21PlayTest" classname="App.Card.Game21PlayTest" file="/home/grm/dbwebb-kurser/mvc/me/grmMvc21Lib/tests/Card/Game21PlayTest.php" line="95" assertions="5" time="0.000781"/>
        <testcase name="testPlay2BothPlayersWins" class="App\Card\Game21PlayTest" classname="App.Card.Game21PlayTest" file="/home/grm/dbwebb-kurser/mvc/me/grmMvc21Lib/tests/Card/Game21PlayTest.php" line="118" assertions="5" time="0.000518"/>
        <testcase name="testPlayBankThickPlayerWins" class="App\Card\Game21PlayTest" classname="App.Card.Game21PlayTest" file="/home/grm/dbwebb-kurser/mvc/me/grmMvc21Lib/tests/Card/Game21PlayTest.php" line="147" assertions="3" time="0.000504"/>
        <testcase name="testPlayPlayerThickBankWins" class="App\Card\Game21PlayTest" classname="App.Card.Game21PlayTest" file="/home/grm/dbwebb-kurser/mvc/me/grmMvc21Lib/tests/Card/Game21PlayTest.php" line="165" assertions="3" time="0.000802"/>
      </testsuite>
      <testsuite name="App\Card\Game21Test" file="/home/grm/dbwebb-kurser/mvc/me/grmMvc21Lib/tests/Card/Game21Test.php" tests="4" assertions="18" errors="0" warnings="0" failures="0" skipped="0" time="0.002566">
        <testcase name="testCreateObject" class="App\Card\Game21Test" classname="App.Card.Game21Test" file="/home/grm/dbwebb-kurser/mvc/me/grmMvc21Lib/tests/Card/Game21Test.php" line="16" assertions="7" time="0.000803"/>
        <testcase name="testInitGame" class="App\Card\Game21Test" classname="App.Card.Game21Test" file="/home/grm/dbwebb-kurser/mvc/me/grmMvc21Lib/tests/Card/Game21Test.php" line="31" assertions="3" time="0.000475"/>
        <testcase name="testCreateGameAndGetJsonInfo" class="App\Card\Game21Test" classname="App.Card.Game21Test" file="/home/grm/dbwebb-kurser/mvc/me/grmMvc21Lib/tests/Card/Game21Test.php" line="43" assertions="1" time="0.000475"/>
        <testcase name="testReset" class="App\Card\Game21Test" classname="App.Card.Game21Test" file="/home/grm/dbwebb-kurser/mvc/me/grmMvc21Lib/tests/Card/Game21Test.php" line="71" assertions="7" time="0.000814"/>
      </testsuite>
      <testsuite name="App\Card\ParticipantTest" file="/home/grm/dbwebb-kurser/mvc/me/grmMvc21Lib/tests/Card/ParticipantTest.php" tests="4" assertions="8" errors="0" warnings="0" failures="0" skipped="0" time="0.001161">
        <testcase name="testCreateObjectNoArgument" class="App\Card\ParticipantTest" classname="App.Card.ParticipantTest" file="/home/grm/dbwebb-kurser/mvc/me/grmMvc21Lib/tests/Card/ParticipantTest.php" line="17" assertions="3" time="0.000287"/>
        <testcase name="testCreateObjectWithArgument" class="App\Card\ParticipantTest" classname="App.Card.ParticipantTest" file="/home/grm/dbwebb-kurser/mvc/me/grmMvc21Lib/tests/Card/ParticipantTest.php" line="31" assertions="2" time="0.000261"/>
        <testcase name="testIncreaseHand" class="App\Card\ParticipantTest" classname="App.Card.ParticipantTest" file="/home/grm/dbwebb-kurser/mvc/me/grmMvc21Lib/tests/Card/ParticipantTest.php" line="43" assertions="1" time="0.000280"/>
        <testcase name="testGetSumOfHand" class="App\Card\ParticipantTest" classname="App.Card.ParticipantTest" file="/home/grm/dbwebb-kurser/mvc/me/grmMvc21Lib/tests/Card/ParticipantTest.php" line="58" assertions="2" time="0.000334"/>
      </testsuite>
      <testsuite name="App\Card\Player21Test" file="/home/grm/dbwebb-kurser/mvc/me/grmMvc21Lib/tests/Card/Player21Test.php" tests="5" assertions="9" errors="0" warnings="0" failures="0" skipped="0" time="0.001690">
        <testcase name="testCreateObjectWithArgument" class="App\Card\Player21Test" classname="App.Card.Player21Test" file="/home/grm/dbwebb-kurser/mvc/me/grmMvc21Lib/tests/Card/Player21Test.php" line="17" assertions="3" time="0.000287"/>
        <testcase name="testGetResultContent" class="App\Card\Player21Test" classname="App.Card.Player21Test" file="/home/grm/dbwebb-kurser/mvc/me/grmMvc21Lib/tests/Card/Player21Test.php" line="29" assertions="1" time="0.000429"/>
        <testcase name="testGetResultNotContent" class="App\Card\Player21Test" classname="App.Card.Player21Test" file="/home/grm/dbwebb-kurser/mvc/me/grmMvc21Lib/tests/Card/Player21Test.php" line="44" assertions="1" time="0.000326"/>
        <testcase name="testGetResultLoss" class="App\Card\Player21Test" classname="App.Card.Player21Test" file="/home/grm/dbwebb-kurser/mvc/me/grmMvc21Lib/tests/Card/Player21Test.php" line="60" assertions="1" time="0.000318"/>
        <testcase name="testGetResult21" class="App\Card\Player21Test" classname="App.Card.Player21Test" file="/home/grm/dbwebb-kurser/mvc/me/grmMvc21Lib/tests/Card/Player21Test.php" line="75" assertions="3" time="0.000330"/>
      </testsuite>
      <testsuite name="App\Entity\BookTest" file="/home/grm/dbwebb-kurser/mvc/me/grmMvc21Lib/tests/Entity/BookTest.php" tests="2" assertions="12" errors="0" warnings="0" failures="0" skipped="0" time="0.001143">
        <testcase name="testCreateEmptyBook" class="App\Entity\BookTest" classname="App.Entity.BookTest" file="/home/grm/dbwebb-kurser/mvc/me/grmMvc21Lib/tests/Entity/BookTest.php" line="16" assertions="6" time="0.000797"/>
        <testcase name="testCreateBook" class="App\Entity\BookTest" classname="App.Entity.BookTest" file="/home/grm/dbwebb-kurser/mvc/me/grmMvc21Lib/tests/Entity/BookTest.php" line="30" assertions="6" time="0.000346"/>
      </testsuite>
    </testsuite>
  </testsuite>
</testsuites>
