<?xml version="1.0" encoding="UTF-8"?>
<testsuites>
  <testsuite name="" tests="43" assertions="122" errors="0" warnings="0" failures="0" skipped="0" time="0.124992">
    <testsuite name="Project Test Suite" tests="43" assertions="122" errors="0" warnings="0" failures="0" skipped="0" time="0.124992">
      <testsuite name="App\Card\CardHandTest" file="/Users/grm/dbwebb-kurser/mvc/me/grmMvc21Lib/tests/Card/CardHandTest.php" tests="9" assertions="16" errors="0" warnings="0" failures="0" skipped="0" time="0.035794">
        <testcase name="testCreateObjectNoArgument" class="App\Card\CardHandTest" classname="App.Card.CardHandTest" file="/Users/grm/dbwebb-kurser/mvc/me/grmMvc21Lib/tests/Card/CardHandTest.php" line="16" assertions="2" time="0.029455"/>
        <testcase name="testCreateObjectWithArgument" class="App\Card\CardHandTest" classname="App.Card.CardHandTest" file="/Users/grm/dbwebb-kurser/mvc/me/grmMvc21Lib/tests/Card/CardHandTest.php" line="27" assertions="2" time="0.001877"/>
        <testcase name="testAddNewCard" class="App\Card\CardHandTest" classname="App.Card.CardHandTest" file="/Users/grm/dbwebb-kurser/mvc/me/grmMvc21Lib/tests/Card/CardHandTest.php" line="37" assertions="1" time="0.000651"/>
        <testcase name="testAddNewCardJson" class="App\Card\CardHandTest" classname="App.Card.CardHandTest" file="/Users/grm/dbwebb-kurser/mvc/me/grmMvc21Lib/tests/Card/CardHandTest.php" line="48" assertions="3" time="0.000648"/>
        <testcase name="testAddNewCardImg" class="App\Card\CardHandTest" classname="App.Card.CardHandTest" file="/Users/grm/dbwebb-kurser/mvc/me/grmMvc21Lib/tests/Card/CardHandTest.php" line="61" assertions="2" time="0.000632"/>
        <testcase name="testGetSumOfHandAceLow" class="App\Card\CardHandTest" classname="App.Card.CardHandTest" file="/Users/grm/dbwebb-kurser/mvc/me/grmMvc21Lib/tests/Card/CardHandTest.php" line="73" assertions="1" time="0.000628"/>
        <testcase name="testGetSumOfHandAceHigh" class="App\Card\CardHandTest" classname="App.Card.CardHandTest" file="/Users/grm/dbwebb-kurser/mvc/me/grmMvc21Lib/tests/Card/CardHandTest.php" line="84" assertions="1" time="0.000616"/>
        <testcase name="testGetSumOfHandWithQueen" class="App\Card\CardHandTest" classname="App.Card.CardHandTest" file="/Users/grm/dbwebb-kurser/mvc/me/grmMvc21Lib/tests/Card/CardHandTest.php" line="95" assertions="2" time="0.000654"/>
        <testcase name="testGetSumOfHandWithJack" class="App\Card\CardHandTest" classname="App.Card.CardHandTest" file="/Users/grm/dbwebb-kurser/mvc/me/grmMvc21Lib/tests/Card/CardHandTest.php" line="107" assertions="2" time="0.000633"/>
      </testsuite>
      <testsuite name="App\Card\CardTest" file="/Users/grm/dbwebb-kurser/mvc/me/grmMvc21Lib/tests/Card/CardTest.php" tests="1" assertions="3" errors="0" warnings="0" failures="0" skipped="0" time="0.000596">
        <testcase name="testCreateObjectWithArgument" class="App\Card\CardTest" classname="App.Card.CardTest" file="/Users/grm/dbwebb-kurser/mvc/me/grmMvc21Lib/tests/Card/CardTest.php" line="16" assertions="3" time="0.000596"/>
      </testsuite>
      <testsuite name="App\Card\DealerTest" file="/Users/grm/dbwebb-kurser/mvc/me/grmMvc21Lib/tests/Card/DealerTest.php" tests="6" assertions="10" errors="0" warnings="0" failures="0" skipped="0" time="0.023482">
        <testcase name="testCreateObjectWithArgument" class="App\Card\DealerTest" classname="App.Card.DealerTest" file="/Users/grm/dbwebb-kurser/mvc/me/grmMvc21Lib/tests/Card/DealerTest.php" line="17" assertions="3" time="0.019784"/>
        <testcase name="testGetResultContent" class="App\Card\DealerTest" classname="App.Card.DealerTest" file="/Users/grm/dbwebb-kurser/mvc/me/grmMvc21Lib/tests/Card/DealerTest.php" line="29" assertions="1" time="0.000764"/>
        <testcase name="testGetResultContentScoreLow" class="App\Card\DealerTest" classname="App.Card.DealerTest" file="/Users/grm/dbwebb-kurser/mvc/me/grmMvc21Lib/tests/Card/DealerTest.php" line="44" assertions="1" time="0.000743"/>
        <testcase name="testGetResultNotContent" class="App\Card\DealerTest" classname="App.Card.DealerTest" file="/Users/grm/dbwebb-kurser/mvc/me/grmMvc21Lib/tests/Card/DealerTest.php" line="61" assertions="1" time="0.000726"/>
        <testcase name="testGetResultLoss" class="App\Card\DealerTest" classname="App.Card.DealerTest" file="/Users/grm/dbwebb-kurser/mvc/me/grmMvc21Lib/tests/Card/DealerTest.php" line="77" assertions="1" time="0.000723"/>
        <testcase name="testGetResultScoreHighLargerThanScoreLow" class="App\Card\DealerTest" classname="App.Card.DealerTest" file="/Users/grm/dbwebb-kurser/mvc/me/grmMvc21Lib/tests/Card/DealerTest.php" line="93" assertions="3" time="0.000742"/>
      </testsuite>
      <testsuite name="App\Card\DeckTest" file="/Users/grm/dbwebb-kurser/mvc/me/grmMvc21Lib/tests/Card/DeckTest.php" tests="5" assertions="22" errors="0" warnings="0" failures="0" skipped="0" time="0.018280">
        <testcase name="testCreateObjectWithArgument" class="App\Card\DeckTest" classname="App.Card.DeckTest" file="/Users/grm/dbwebb-kurser/mvc/me/grmMvc21Lib/tests/Card/DeckTest.php" line="16" assertions="2" time="0.008776"/>
        <testcase name="testGetCard" class="App\Card\DeckTest" classname="App.Card.DeckTest" file="/Users/grm/dbwebb-kurser/mvc/me/grmMvc21Lib/tests/Card/DeckTest.php" line="29" assertions="6" time="0.000976"/>
        <testcase name="testShuffle" class="App\Card\DeckTest" classname="App.Card.DeckTest" file="/Users/grm/dbwebb-kurser/mvc/me/grmMvc21Lib/tests/Card/DeckTest.php" line="49" assertions="2" time="0.006157"/>
        <testcase name="testGetTopCard" class="App\Card\DeckTest" classname="App.Card.DeckTest" file="/Users/grm/dbwebb-kurser/mvc/me/grmMvc21Lib/tests/Card/DeckTest.php" line="66" assertions="6" time="0.000895"/>
        <testcase name="testSortDeck" class="App\Card\DeckTest" classname="App.Card.DeckTest" file="/Users/grm/dbwebb-kurser/mvc/me/grmMvc21Lib/tests/Card/DeckTest.php" line="85" assertions="6" time="0.001475"/>
      </testsuite>
      <testsuite name="App\Card\Game21PlayTest" file="/Users/grm/dbwebb-kurser/mvc/me/grmMvc21Lib/tests/Card/Game21PlayTest.php" tests="8" assertions="32" errors="0" warnings="0" failures="0" skipped="0" time="0.027757">
        <testcase name="testPlayEqualBankWins" class="App\Card\Game21PlayTest" classname="App.Card.Game21PlayTest" file="/Users/grm/dbwebb-kurser/mvc/me/grmMvc21Lib/tests/Card/Game21PlayTest.php" line="16" assertions="4" time="0.019632"/>
        <testcase name="testPlayBankWins" class="App\Card\Game21PlayTest" classname="App.Card.Game21PlayTest" file="/Users/grm/dbwebb-kurser/mvc/me/grmMvc21Lib/tests/Card/Game21PlayTest.php" line="35" assertions="3" time="0.001156"/>
        <testcase name="testPlay1PlayerWins" class="App\Card\Game21PlayTest" classname="App.Card.Game21PlayTest" file="/Users/grm/dbwebb-kurser/mvc/me/grmMvc21Lib/tests/Card/Game21PlayTest.php" line="53" assertions="4" time="0.001147"/>
        <testcase name="testPlay2Players1stWins" class="App\Card\Game21PlayTest" classname="App.Card.Game21PlayTest" file="/Users/grm/dbwebb-kurser/mvc/me/grmMvc21Lib/tests/Card/Game21PlayTest.php" line="73" assertions="5" time="0.001234"/>
        <testcase name="testPlay2Player2ndWins" class="App\Card\Game21PlayTest" classname="App.Card.Game21PlayTest" file="/Users/grm/dbwebb-kurser/mvc/me/grmMvc21Lib/tests/Card/Game21PlayTest.php" line="95" assertions="5" time="0.001219"/>
        <testcase name="testPlay2BothPlayersWins" class="App\Card\Game21PlayTest" classname="App.Card.Game21PlayTest" file="/Users/grm/dbwebb-kurser/mvc/me/grmMvc21Lib/tests/Card/Game21PlayTest.php" line="118" assertions="5" time="0.001130"/>
        <testcase name="testPlayBankThickPlayerWins" class="App\Card\Game21PlayTest" classname="App.Card.Game21PlayTest" file="/Users/grm/dbwebb-kurser/mvc/me/grmMvc21Lib/tests/Card/Game21PlayTest.php" line="147" assertions="3" time="0.001118"/>
        <testcase name="testPlayPlayerThickBankWins" class="App\Card\Game21PlayTest" classname="App.Card.Game21PlayTest" file="/Users/grm/dbwebb-kurser/mvc/me/grmMvc21Lib/tests/Card/Game21PlayTest.php" line="165" assertions="3" time="0.001121"/>
      </testsuite>
      <testsuite name="App\Card\Game21Test" file="/Users/grm/dbwebb-kurser/mvc/me/grmMvc21Lib/tests/Card/Game21Test.php" tests="3" assertions="10" errors="0" warnings="0" failures="0" skipped="0" time="0.003043">
        <testcase name="testCreateObject" class="App\Card\Game21Test" classname="App.Card.Game21Test" file="/Users/grm/dbwebb-kurser/mvc/me/grmMvc21Lib/tests/Card/Game21Test.php" line="16" assertions="6" time="0.001017"/>
        <testcase name="testInitGame" class="App\Card\Game21Test" classname="App.Card.Game21Test" file="/Users/grm/dbwebb-kurser/mvc/me/grmMvc21Lib/tests/Card/Game21Test.php" line="30" assertions="3" time="0.000994"/>
        <testcase name="testCreateGameAndGetJsonInfo" class="App\Card\Game21Test" classname="App.Card.Game21Test" file="/Users/grm/dbwebb-kurser/mvc/me/grmMvc21Lib/tests/Card/Game21Test.php" line="42" assertions="1" time="0.001033"/>
      </testsuite>
      <testsuite name="App\Card\ParticipantTest" file="/Users/grm/dbwebb-kurser/mvc/me/grmMvc21Lib/tests/Card/ParticipantTest.php" tests="4" assertions="8" errors="0" warnings="0" failures="0" skipped="0" time="0.002642">
        <testcase name="testCreateObjectNoArgument" class="App\Card\ParticipantTest" classname="App.Card.ParticipantTest" file="/Users/grm/dbwebb-kurser/mvc/me/grmMvc21Lib/tests/Card/ParticipantTest.php" line="17" assertions="3" time="0.000638"/>
        <testcase name="testCreateObjectWithArgument" class="App\Card\ParticipantTest" classname="App.Card.ParticipantTest" file="/Users/grm/dbwebb-kurser/mvc/me/grmMvc21Lib/tests/Card/ParticipantTest.php" line="31" assertions="2" time="0.000653"/>
        <testcase name="testIncreaseHand" class="App\Card\ParticipantTest" classname="App.Card.ParticipantTest" file="/Users/grm/dbwebb-kurser/mvc/me/grmMvc21Lib/tests/Card/ParticipantTest.php" line="43" assertions="1" time="0.000649"/>
        <testcase name="testGetSumOfHand" class="App\Card\ParticipantTest" classname="App.Card.ParticipantTest" file="/Users/grm/dbwebb-kurser/mvc/me/grmMvc21Lib/tests/Card/ParticipantTest.php" line="58" assertions="2" time="0.000702"/>
      </testsuite>
      <testsuite name="App\Card\Player21Test" file="/Users/grm/dbwebb-kurser/mvc/me/grmMvc21Lib/tests/Card/Player21Test.php" tests="5" assertions="9" errors="0" warnings="0" failures="0" skipped="0" time="0.003626">
        <testcase name="testCreateObjectWithArgument" class="App\Card\Player21Test" classname="App.Card.Player21Test" file="/Users/grm/dbwebb-kurser/mvc/me/grmMvc21Lib/tests/Card/Player21Test.php" line="17" assertions="3" time="0.000657"/>
        <testcase name="testGetResultContent" class="App\Card\Player21Test" classname="App.Card.Player21Test" file="/Users/grm/dbwebb-kurser/mvc/me/grmMvc21Lib/tests/Card/Player21Test.php" line="29" assertions="1" time="0.000725"/>
        <testcase name="testGetResultNotContent" class="App\Card\Player21Test" classname="App.Card.Player21Test" file="/Users/grm/dbwebb-kurser/mvc/me/grmMvc21Lib/tests/Card/Player21Test.php" line="44" assertions="1" time="0.000739"/>
        <testcase name="testGetResultLoss" class="App\Card\Player21Test" classname="App.Card.Player21Test" file="/Users/grm/dbwebb-kurser/mvc/me/grmMvc21Lib/tests/Card/Player21Test.php" line="60" assertions="1" time="0.000734"/>
        <testcase name="testGetResult21" class="App\Card\Player21Test" classname="App.Card.Player21Test" file="/Users/grm/dbwebb-kurser/mvc/me/grmMvc21Lib/tests/Card/Player21Test.php" line="75" assertions="3" time="0.000772"/>
      </testsuite>
      <testsuite name="App\Entity\BookTest" file="/Users/grm/dbwebb-kurser/mvc/me/grmMvc21Lib/tests/Entity/BookTest.php" tests="2" assertions="12" errors="0" warnings="0" failures="0" skipped="0" time="0.009773">
        <testcase name="testCreateEmptyBook" class="App\Entity\BookTest" classname="App.Entity.BookTest" file="/Users/grm/dbwebb-kurser/mvc/me/grmMvc21Lib/tests/Entity/BookTest.php" line="16" assertions="6" time="0.009167"/>
        <testcase name="testCreateBook" class="App\Entity\BookTest" classname="App.Entity.BookTest" file="/Users/grm/dbwebb-kurser/mvc/me/grmMvc21Lib/tests/Entity/BookTest.php" line="30" assertions="6" time="0.000605"/>
      </testsuite>
    </testsuite>
  </testsuite>
</testsuites>
