<?xml version="1.0" encoding="UTF-8"?>
<testsuites>
  <testsuite name="" tests="47" assertions="148" errors="0" warnings="0" failures="0" skipped="0" time="5.196635">
    <testsuite name="Project Test Suite" tests="47" assertions="148" errors="0" warnings="0" failures="0" skipped="0" time="5.196635">
      <testsuite name="App\Card\CardHandTest" file="/Users/grm/dbwebb-kurser/mvc/me/grmMvc21Lib/tests/Card/CardHandTest.php" tests="9" assertions="16" errors="0" warnings="0" failures="0" skipped="0" time="0.024584">
        <testcase name="testCreateObjectNoArgument" class="App\Card\CardHandTest" classname="App.Card.CardHandTest" file="/Users/grm/dbwebb-kurser/mvc/me/grmMvc21Lib/tests/Card/CardHandTest.php" line="16" assertions="2" time="0.018538"/>
        <testcase name="testCreateObjectWithArgument" class="App\Card\CardHandTest" classname="App.Card.CardHandTest" file="/Users/grm/dbwebb-kurser/mvc/me/grmMvc21Lib/tests/Card/CardHandTest.php" line="27" assertions="2" time="0.001674"/>
        <testcase name="testAddNewCard" class="App\Card\CardHandTest" classname="App.Card.CardHandTest" file="/Users/grm/dbwebb-kurser/mvc/me/grmMvc21Lib/tests/Card/CardHandTest.php" line="37" assertions="1" time="0.000637"/>
        <testcase name="testAddNewCardJson" class="App\Card\CardHandTest" classname="App.Card.CardHandTest" file="/Users/grm/dbwebb-kurser/mvc/me/grmMvc21Lib/tests/Card/CardHandTest.php" line="48" assertions="3" time="0.000642"/>
        <testcase name="testAddNewCardImg" class="App\Card\CardHandTest" classname="App.Card.CardHandTest" file="/Users/grm/dbwebb-kurser/mvc/me/grmMvc21Lib/tests/Card/CardHandTest.php" line="61" assertions="2" time="0.000619"/>
        <testcase name="testGetSumOfHandAceLow" class="App\Card\CardHandTest" classname="App.Card.CardHandTest" file="/Users/grm/dbwebb-kurser/mvc/me/grmMvc21Lib/tests/Card/CardHandTest.php" line="73" assertions="1" time="0.000603"/>
        <testcase name="testGetSumOfHandAceHigh" class="App\Card\CardHandTest" classname="App.Card.CardHandTest" file="/Users/grm/dbwebb-kurser/mvc/me/grmMvc21Lib/tests/Card/CardHandTest.php" line="84" assertions="1" time="0.000608"/>
        <testcase name="testGetSumOfHandWithQueen" class="App\Card\CardHandTest" classname="App.Card.CardHandTest" file="/Users/grm/dbwebb-kurser/mvc/me/grmMvc21Lib/tests/Card/CardHandTest.php" line="95" assertions="2" time="0.000629"/>
        <testcase name="testGetSumOfHandWithJack" class="App\Card\CardHandTest" classname="App.Card.CardHandTest" file="/Users/grm/dbwebb-kurser/mvc/me/grmMvc21Lib/tests/Card/CardHandTest.php" line="107" assertions="2" time="0.000635"/>
      </testsuite>
      <testsuite name="App\Card\CardTest" file="/Users/grm/dbwebb-kurser/mvc/me/grmMvc21Lib/tests/Card/CardTest.php" tests="1" assertions="3" errors="0" warnings="0" failures="0" skipped="0" time="0.000605">
        <testcase name="testCreateObjectWithArgument" class="App\Card\CardTest" classname="App.Card.CardTest" file="/Users/grm/dbwebb-kurser/mvc/me/grmMvc21Lib/tests/Card/CardTest.php" line="16" assertions="3" time="0.000605"/>
      </testsuite>
      <testsuite name="App\Card\DealerTest" file="/Users/grm/dbwebb-kurser/mvc/me/grmMvc21Lib/tests/Card/DealerTest.php" tests="6" assertions="10" errors="0" warnings="0" failures="0" skipped="0" time="0.007535">
        <testcase name="testCreateObjectWithArgument" class="App\Card\DealerTest" classname="App.Card.DealerTest" file="/Users/grm/dbwebb-kurser/mvc/me/grmMvc21Lib/tests/Card/DealerTest.php" line="17" assertions="3" time="0.003876"/>
        <testcase name="testGetResultContent" class="App\Card\DealerTest" classname="App.Card.DealerTest" file="/Users/grm/dbwebb-kurser/mvc/me/grmMvc21Lib/tests/Card/DealerTest.php" line="29" assertions="1" time="0.000744"/>
        <testcase name="testGetResultContentScoreLow" class="App\Card\DealerTest" classname="App.Card.DealerTest" file="/Users/grm/dbwebb-kurser/mvc/me/grmMvc21Lib/tests/Card/DealerTest.php" line="44" assertions="1" time="0.000736"/>
        <testcase name="testGetResultNotContent" class="App\Card\DealerTest" classname="App.Card.DealerTest" file="/Users/grm/dbwebb-kurser/mvc/me/grmMvc21Lib/tests/Card/DealerTest.php" line="61" assertions="1" time="0.000728"/>
        <testcase name="testGetResultLoss" class="App\Card\DealerTest" classname="App.Card.DealerTest" file="/Users/grm/dbwebb-kurser/mvc/me/grmMvc21Lib/tests/Card/DealerTest.php" line="77" assertions="1" time="0.000716"/>
        <testcase name="testGetResultScoreHighLargerThanScoreLow" class="App\Card\DealerTest" classname="App.Card.DealerTest" file="/Users/grm/dbwebb-kurser/mvc/me/grmMvc21Lib/tests/Card/DealerTest.php" line="93" assertions="3" time="0.000735"/>
      </testsuite>
      <testsuite name="App\Card\DeckTest" file="/Users/grm/dbwebb-kurser/mvc/me/grmMvc21Lib/tests/Card/DeckTest.php" tests="5" assertions="22" errors="0" warnings="0" failures="0" skipped="0" time="0.011354">
        <testcase name="testCreateObjectWithArgument" class="App\Card\DeckTest" classname="App.Card.DeckTest" file="/Users/grm/dbwebb-kurser/mvc/me/grmMvc21Lib/tests/Card/DeckTest.php" line="16" assertions="2" time="0.002483"/>
        <testcase name="testGetCard" class="App\Card\DeckTest" classname="App.Card.DeckTest" file="/Users/grm/dbwebb-kurser/mvc/me/grmMvc21Lib/tests/Card/DeckTest.php" line="29" assertions="6" time="0.000970"/>
        <testcase name="testShuffle" class="App\Card\DeckTest" classname="App.Card.DeckTest" file="/Users/grm/dbwebb-kurser/mvc/me/grmMvc21Lib/tests/Card/DeckTest.php" line="49" assertions="2" time="0.005408"/>
        <testcase name="testGetTopCard" class="App\Card\DeckTest" classname="App.Card.DeckTest" file="/Users/grm/dbwebb-kurser/mvc/me/grmMvc21Lib/tests/Card/DeckTest.php" line="66" assertions="6" time="0.000979"/>
        <testcase name="testSortDeck" class="App\Card\DeckTest" classname="App.Card.DeckTest" file="/Users/grm/dbwebb-kurser/mvc/me/grmMvc21Lib/tests/Card/DeckTest.php" line="85" assertions="6" time="0.001514"/>
      </testsuite>
      <testsuite name="App\Card\Game21PlayTest" file="/Users/grm/dbwebb-kurser/mvc/me/grmMvc21Lib/tests/Card/Game21PlayTest.php" tests="8" assertions="32" errors="0" warnings="0" failures="0" skipped="0" time="0.013879">
        <testcase name="testPlayEqualBankWins" class="App\Card\Game21PlayTest" classname="App.Card.Game21PlayTest" file="/Users/grm/dbwebb-kurser/mvc/me/grmMvc21Lib/tests/Card/Game21PlayTest.php" line="16" assertions="4" time="0.005181"/>
        <testcase name="testPlayBankWins" class="App\Card\Game21PlayTest" classname="App.Card.Game21PlayTest" file="/Users/grm/dbwebb-kurser/mvc/me/grmMvc21Lib/tests/Card/Game21PlayTest.php" line="35" assertions="3" time="0.001170"/>
        <testcase name="testPlay1PlayerWins" class="App\Card\Game21PlayTest" classname="App.Card.Game21PlayTest" file="/Users/grm/dbwebb-kurser/mvc/me/grmMvc21Lib/tests/Card/Game21PlayTest.php" line="53" assertions="4" time="0.001126"/>
        <testcase name="testPlay2Players1stWins" class="App\Card\Game21PlayTest" classname="App.Card.Game21PlayTest" file="/Users/grm/dbwebb-kurser/mvc/me/grmMvc21Lib/tests/Card/Game21PlayTest.php" line="73" assertions="5" time="0.001224"/>
        <testcase name="testPlay2Player2ndWins" class="App\Card\Game21PlayTest" classname="App.Card.Game21PlayTest" file="/Users/grm/dbwebb-kurser/mvc/me/grmMvc21Lib/tests/Card/Game21PlayTest.php" line="95" assertions="5" time="0.001217"/>
        <testcase name="testPlay2BothPlayersWins" class="App\Card\Game21PlayTest" classname="App.Card.Game21PlayTest" file="/Users/grm/dbwebb-kurser/mvc/me/grmMvc21Lib/tests/Card/Game21PlayTest.php" line="118" assertions="5" time="0.001105"/>
        <testcase name="testPlayBankThickPlayerWins" class="App\Card\Game21PlayTest" classname="App.Card.Game21PlayTest" file="/Users/grm/dbwebb-kurser/mvc/me/grmMvc21Lib/tests/Card/Game21PlayTest.php" line="147" assertions="3" time="0.001116"/>
        <testcase name="testPlayPlayerThickBankWins" class="App\Card\Game21PlayTest" classname="App.Card.Game21PlayTest" file="/Users/grm/dbwebb-kurser/mvc/me/grmMvc21Lib/tests/Card/Game21PlayTest.php" line="165" assertions="3" time="0.001740"/>
      </testsuite>
      <testsuite name="App\Card\Game21Test" file="/Users/grm/dbwebb-kurser/mvc/me/grmMvc21Lib/tests/Card/Game21Test.php" tests="4" assertions="18" errors="0" warnings="0" failures="0" skipped="0" time="0.005677">
        <testcase name="testCreateObject" class="App\Card\Game21Test" classname="App.Card.Game21Test" file="/Users/grm/dbwebb-kurser/mvc/me/grmMvc21Lib/tests/Card/Game21Test.php" line="16" assertions="7" time="0.001946"/>
        <testcase name="testInitGame" class="App\Card\Game21Test" classname="App.Card.Game21Test" file="/Users/grm/dbwebb-kurser/mvc/me/grmMvc21Lib/tests/Card/Game21Test.php" line="31" assertions="3" time="0.001023"/>
        <testcase name="testCreateGameAndGetJsonInfo" class="App\Card\Game21Test" classname="App.Card.Game21Test" file="/Users/grm/dbwebb-kurser/mvc/me/grmMvc21Lib/tests/Card/Game21Test.php" line="43" assertions="1" time="0.001022"/>
        <testcase name="testReset" class="App\Card\Game21Test" classname="App.Card.Game21Test" file="/Users/grm/dbwebb-kurser/mvc/me/grmMvc21Lib/tests/Card/Game21Test.php" line="71" assertions="7" time="0.001686"/>
      </testsuite>
      <testsuite name="App\Card\ParticipantTest" file="/Users/grm/dbwebb-kurser/mvc/me/grmMvc21Lib/tests/Card/ParticipantTest.php" tests="4" assertions="8" errors="0" warnings="0" failures="0" skipped="0" time="0.002602">
        <testcase name="testCreateObjectNoArgument" class="App\Card\ParticipantTest" classname="App.Card.ParticipantTest" file="/Users/grm/dbwebb-kurser/mvc/me/grmMvc21Lib/tests/Card/ParticipantTest.php" line="17" assertions="3" time="0.000647"/>
        <testcase name="testCreateObjectWithArgument" class="App\Card\ParticipantTest" classname="App.Card.ParticipantTest" file="/Users/grm/dbwebb-kurser/mvc/me/grmMvc21Lib/tests/Card/ParticipantTest.php" line="31" assertions="2" time="0.000612"/>
        <testcase name="testIncreaseHand" class="App\Card\ParticipantTest" classname="App.Card.ParticipantTest" file="/Users/grm/dbwebb-kurser/mvc/me/grmMvc21Lib/tests/Card/ParticipantTest.php" line="43" assertions="1" time="0.000639"/>
        <testcase name="testGetSumOfHand" class="App\Card\ParticipantTest" classname="App.Card.ParticipantTest" file="/Users/grm/dbwebb-kurser/mvc/me/grmMvc21Lib/tests/Card/ParticipantTest.php" line="58" assertions="2" time="0.000704"/>
      </testsuite>
      <testsuite name="App\Card\Player21Test" file="/Users/grm/dbwebb-kurser/mvc/me/grmMvc21Lib/tests/Card/Player21Test.php" tests="5" assertions="9" errors="0" warnings="0" failures="0" skipped="0" time="0.003570">
        <testcase name="testCreateObjectWithArgument" class="App\Card\Player21Test" classname="App.Card.Player21Test" file="/Users/grm/dbwebb-kurser/mvc/me/grmMvc21Lib/tests/Card/Player21Test.php" line="17" assertions="3" time="0.000660"/>
        <testcase name="testGetResultContent" class="App\Card\Player21Test" classname="App.Card.Player21Test" file="/Users/grm/dbwebb-kurser/mvc/me/grmMvc21Lib/tests/Card/Player21Test.php" line="29" assertions="1" time="0.000715"/>
        <testcase name="testGetResultNotContent" class="App\Card\Player21Test" classname="App.Card.Player21Test" file="/Users/grm/dbwebb-kurser/mvc/me/grmMvc21Lib/tests/Card/Player21Test.php" line="44" assertions="1" time="0.000723"/>
        <testcase name="testGetResultLoss" class="App\Card\Player21Test" classname="App.Card.Player21Test" file="/Users/grm/dbwebb-kurser/mvc/me/grmMvc21Lib/tests/Card/Player21Test.php" line="60" assertions="1" time="0.000719"/>
        <testcase name="testGetResult21" class="App\Card\Player21Test" classname="App.Card.Player21Test" file="/Users/grm/dbwebb-kurser/mvc/me/grmMvc21Lib/tests/Card/Player21Test.php" line="75" assertions="3" time="0.000753"/>
      </testsuite>
      <testsuite name="App\Controller\BookControllerTest" file="/Users/grm/dbwebb-kurser/mvc/me/grmMvc21Lib/tests/Controller/BookControllerTest.php" tests="3" assertions="18" errors="0" warnings="0" failures="0" skipped="0" time="5.124561">
        <testcase name="testBookApp" class="App\Controller\BookControllerTest" classname="App.Controller.BookControllerTest" file="/Users/grm/dbwebb-kurser/mvc/me/grmMvc21Lib/tests/Controller/BookControllerTest.php" line="12" assertions="6" time="4.306010"/>
        <testcase name="testShowAllBooks" class="App\Controller\BookControllerTest" classname="App.Controller.BookControllerTest" file="/Users/grm/dbwebb-kurser/mvc/me/grmMvc21Lib/tests/Controller/BookControllerTest.php" line="22" assertions="6" time="0.777448"/>
        <testcase name="testCreateBook" class="App\Controller\BookControllerTest" classname="App.Controller.BookControllerTest" file="/Users/grm/dbwebb-kurser/mvc/me/grmMvc21Lib/tests/Controller/BookControllerTest.php" line="34" assertions="6" time="0.041102"/>
      </testsuite>
      <testsuite name="App\Entity\BookTest" file="/Users/grm/dbwebb-kurser/mvc/me/grmMvc21Lib/tests/Entity/BookTest.php" tests="2" assertions="12" errors="0" warnings="0" failures="0" skipped="0" time="0.002267">
        <testcase name="testCreateEmptyBook" class="App\Entity\BookTest" classname="App.Entity.BookTest" file="/Users/grm/dbwebb-kurser/mvc/me/grmMvc21Lib/tests/Entity/BookTest.php" line="16" assertions="6" time="0.001597"/>
        <testcase name="testCreateBook" class="App\Entity\BookTest" classname="App.Entity.BookTest" file="/Users/grm/dbwebb-kurser/mvc/me/grmMvc21Lib/tests/Entity/BookTest.php" line="30" assertions="6" time="0.000670"/>
      </testsuite>
    </testsuite>
  </testsuite>
</testsuites>
