<?xml version="1.0" encoding="UTF-8"?>
<testsuites>
  <testsuite name="" tests="42" assertions="121" errors="0" warnings="0" failures="0" skipped="0" time="0.070873">
    <testsuite name="Project Test Suite" tests="42" assertions="121" errors="0" warnings="0" failures="0" skipped="0" time="0.070873">
      <testsuite name="App\Card\CardHandTest" file="/Users/grm/dbwebb-kurser/mvc/me/grmMvc21Lib/tests/Card/CardHandTest.php" tests="9" assertions="16" errors="0" warnings="0" failures="0" skipped="0" time="0.025130">
        <testcase name="testCreateObjectNoArgument" class="App\Card\CardHandTest" classname="App.Card.CardHandTest" file="/Users/grm/dbwebb-kurser/mvc/me/grmMvc21Lib/tests/Card/CardHandTest.php" line="16" assertions="2" time="0.018700"/>
        <testcase name="testCreateObjectWithArgument" class="App\Card\CardHandTest" classname="App.Card.CardHandTest" file="/Users/grm/dbwebb-kurser/mvc/me/grmMvc21Lib/tests/Card/CardHandTest.php" line="27" assertions="2" time="0.001960"/>
        <testcase name="testAddNewCard" class="App\Card\CardHandTest" classname="App.Card.CardHandTest" file="/Users/grm/dbwebb-kurser/mvc/me/grmMvc21Lib/tests/Card/CardHandTest.php" line="37" assertions="1" time="0.000674"/>
        <testcase name="testAddNewCardJson" class="App\Card\CardHandTest" classname="App.Card.CardHandTest" file="/Users/grm/dbwebb-kurser/mvc/me/grmMvc21Lib/tests/Card/CardHandTest.php" line="48" assertions="3" time="0.000684"/>
        <testcase name="testAddNewCardImg" class="App\Card\CardHandTest" classname="App.Card.CardHandTest" file="/Users/grm/dbwebb-kurser/mvc/me/grmMvc21Lib/tests/Card/CardHandTest.php" line="61" assertions="2" time="0.000637"/>
        <testcase name="testGetSumOfHandAceLow" class="App\Card\CardHandTest" classname="App.Card.CardHandTest" file="/Users/grm/dbwebb-kurser/mvc/me/grmMvc21Lib/tests/Card/CardHandTest.php" line="73" assertions="1" time="0.000633"/>
        <testcase name="testGetSumOfHandAceHigh" class="App\Card\CardHandTest" classname="App.Card.CardHandTest" file="/Users/grm/dbwebb-kurser/mvc/me/grmMvc21Lib/tests/Card/CardHandTest.php" line="84" assertions="1" time="0.000606"/>
        <testcase name="testGetSumOfHandWithQueen" class="App\Card\CardHandTest" classname="App.Card.CardHandTest" file="/Users/grm/dbwebb-kurser/mvc/me/grmMvc21Lib/tests/Card/CardHandTest.php" line="95" assertions="2" time="0.000617"/>
        <testcase name="testGetSumOfHandWithJack" class="App\Card\CardHandTest" classname="App.Card.CardHandTest" file="/Users/grm/dbwebb-kurser/mvc/me/grmMvc21Lib/tests/Card/CardHandTest.php" line="107" assertions="2" time="0.000621"/>
      </testsuite>
      <testsuite name="App\Card\CardTest" file="/Users/grm/dbwebb-kurser/mvc/me/grmMvc21Lib/tests/Card/CardTest.php" tests="1" assertions="3" errors="0" warnings="0" failures="0" skipped="0" time="0.000628">
        <testcase name="testCreateObjectWithArgument" class="App\Card\CardTest" classname="App.Card.CardTest" file="/Users/grm/dbwebb-kurser/mvc/me/grmMvc21Lib/tests/Card/CardTest.php" line="16" assertions="3" time="0.000628"/>
      </testsuite>
      <testsuite name="App\Card\DealerTest" file="/Users/grm/dbwebb-kurser/mvc/me/grmMvc21Lib/tests/Card/DealerTest.php" tests="5" assertions="9" errors="0" warnings="0" failures="0" skipped="0" time="0.007056">
        <testcase name="testCreateObjectWithArgument" class="App\Card\DealerTest" classname="App.Card.DealerTest" file="/Users/grm/dbwebb-kurser/mvc/me/grmMvc21Lib/tests/Card/DealerTest.php" line="17" assertions="3" time="0.004031"/>
        <testcase name="testGetResultContent" class="App\Card\DealerTest" classname="App.Card.DealerTest" file="/Users/grm/dbwebb-kurser/mvc/me/grmMvc21Lib/tests/Card/DealerTest.php" line="29" assertions="1" time="0.000764"/>
        <testcase name="testGetResultNotContent" class="App\Card\DealerTest" classname="App.Card.DealerTest" file="/Users/grm/dbwebb-kurser/mvc/me/grmMvc21Lib/tests/Card/DealerTest.php" line="44" assertions="1" time="0.000716"/>
        <testcase name="testGetResultLoss" class="App\Card\DealerTest" classname="App.Card.DealerTest" file="/Users/grm/dbwebb-kurser/mvc/me/grmMvc21Lib/tests/Card/DealerTest.php" line="60" assertions="1" time="0.000750"/>
        <testcase name="testGetResultScoreHighLargerThanScoreLow" class="App\Card\DealerTest" classname="App.Card.DealerTest" file="/Users/grm/dbwebb-kurser/mvc/me/grmMvc21Lib/tests/Card/DealerTest.php" line="76" assertions="3" time="0.000794"/>
      </testsuite>
      <testsuite name="App\Card\DeckTest" file="/Users/grm/dbwebb-kurser/mvc/me/grmMvc21Lib/tests/Card/DeckTest.php" tests="5" assertions="22" errors="0" warnings="0" failures="0" skipped="0" time="0.011766">
        <testcase name="testCreateObjectWithArgument" class="App\Card\DeckTest" classname="App.Card.DeckTest" file="/Users/grm/dbwebb-kurser/mvc/me/grmMvc21Lib/tests/Card/DeckTest.php" line="16" assertions="2" time="0.002432"/>
        <testcase name="testGetCard" class="App\Card\DeckTest" classname="App.Card.DeckTest" file="/Users/grm/dbwebb-kurser/mvc/me/grmMvc21Lib/tests/Card/DeckTest.php" line="29" assertions="6" time="0.000955"/>
        <testcase name="testShuffle" class="App\Card\DeckTest" classname="App.Card.DeckTest" file="/Users/grm/dbwebb-kurser/mvc/me/grmMvc21Lib/tests/Card/DeckTest.php" line="49" assertions="2" time="0.005970"/>
        <testcase name="testGetTopCard" class="App\Card\DeckTest" classname="App.Card.DeckTest" file="/Users/grm/dbwebb-kurser/mvc/me/grmMvc21Lib/tests/Card/DeckTest.php" line="66" assertions="6" time="0.000911"/>
        <testcase name="testSortDeck" class="App\Card\DeckTest" classname="App.Card.DeckTest" file="/Users/grm/dbwebb-kurser/mvc/me/grmMvc21Lib/tests/Card/DeckTest.php" line="85" assertions="6" time="0.001498"/>
      </testsuite>
      <testsuite name="App\Card\Game21PlayTest" file="/Users/grm/dbwebb-kurser/mvc/me/grmMvc21Lib/tests/Card/Game21PlayTest.php" tests="8" assertions="32" errors="0" warnings="0" failures="0" skipped="0" time="0.013629">
        <testcase name="testPlayEqualBankWins" class="App\Card\Game21PlayTest" classname="App.Card.Game21PlayTest" file="/Users/grm/dbwebb-kurser/mvc/me/grmMvc21Lib/tests/Card/Game21PlayTest.php" line="16" assertions="4" time="0.005063"/>
        <testcase name="testPlayBankWins" class="App\Card\Game21PlayTest" classname="App.Card.Game21PlayTest" file="/Users/grm/dbwebb-kurser/mvc/me/grmMvc21Lib/tests/Card/Game21PlayTest.php" line="35" assertions="3" time="0.001198"/>
        <testcase name="testPlay1PlayerWins" class="App\Card\Game21PlayTest" classname="App.Card.Game21PlayTest" file="/Users/grm/dbwebb-kurser/mvc/me/grmMvc21Lib/tests/Card/Game21PlayTest.php" line="53" assertions="4" time="0.001339"/>
        <testcase name="testPlay2Players1stWins" class="App\Card\Game21PlayTest" classname="App.Card.Game21PlayTest" file="/Users/grm/dbwebb-kurser/mvc/me/grmMvc21Lib/tests/Card/Game21PlayTest.php" line="73" assertions="5" time="0.001362"/>
        <testcase name="testPlay2Player2ndWins" class="App\Card\Game21PlayTest" classname="App.Card.Game21PlayTest" file="/Users/grm/dbwebb-kurser/mvc/me/grmMvc21Lib/tests/Card/Game21PlayTest.php" line="95" assertions="5" time="0.001233"/>
        <testcase name="testPlay2BothPlayersWins" class="App\Card\Game21PlayTest" classname="App.Card.Game21PlayTest" file="/Users/grm/dbwebb-kurser/mvc/me/grmMvc21Lib/tests/Card/Game21PlayTest.php" line="118" assertions="5" time="0.001146"/>
        <testcase name="testPlayBankThickPlayerWins" class="App\Card\Game21PlayTest" classname="App.Card.Game21PlayTest" file="/Users/grm/dbwebb-kurser/mvc/me/grmMvc21Lib/tests/Card/Game21PlayTest.php" line="147" assertions="3" time="0.001146"/>
        <testcase name="testPlayPlayerThickBankWins" class="App\Card\Game21PlayTest" classname="App.Card.Game21PlayTest" file="/Users/grm/dbwebb-kurser/mvc/me/grmMvc21Lib/tests/Card/Game21PlayTest.php" line="165" assertions="3" time="0.001143"/>
      </testsuite>
      <testsuite name="App\Card\Game21Test" file="/Users/grm/dbwebb-kurser/mvc/me/grmMvc21Lib/tests/Card/Game21Test.php" tests="3" assertions="10" errors="0" warnings="0" failures="0" skipped="0" time="0.003141">
        <testcase name="testCreateObject" class="App\Card\Game21Test" classname="App.Card.Game21Test" file="/Users/grm/dbwebb-kurser/mvc/me/grmMvc21Lib/tests/Card/Game21Test.php" line="16" assertions="6" time="0.001012"/>
        <testcase name="testInitGame" class="App\Card\Game21Test" classname="App.Card.Game21Test" file="/Users/grm/dbwebb-kurser/mvc/me/grmMvc21Lib/tests/Card/Game21Test.php" line="30" assertions="3" time="0.001073"/>
        <testcase name="testCreateGameAndGetJsonInfo" class="App\Card\Game21Test" classname="App.Card.Game21Test" file="/Users/grm/dbwebb-kurser/mvc/me/grmMvc21Lib/tests/Card/Game21Test.php" line="42" assertions="1" time="0.001056"/>
      </testsuite>
      <testsuite name="App\Card\ParticipantTest" file="/Users/grm/dbwebb-kurser/mvc/me/grmMvc21Lib/tests/Card/ParticipantTest.php" tests="4" assertions="8" errors="0" warnings="0" failures="0" skipped="0" time="0.002705">
        <testcase name="testCreateObjectNoArgument" class="App\Card\ParticipantTest" classname="App.Card.ParticipantTest" file="/Users/grm/dbwebb-kurser/mvc/me/grmMvc21Lib/tests/Card/ParticipantTest.php" line="17" assertions="3" time="0.000729"/>
        <testcase name="testCreateObjectWithArgument" class="App\Card\ParticipantTest" classname="App.Card.ParticipantTest" file="/Users/grm/dbwebb-kurser/mvc/me/grmMvc21Lib/tests/Card/ParticipantTest.php" line="31" assertions="2" time="0.000622"/>
        <testcase name="testIncreaseHand" class="App\Card\ParticipantTest" classname="App.Card.ParticipantTest" file="/Users/grm/dbwebb-kurser/mvc/me/grmMvc21Lib/tests/Card/ParticipantTest.php" line="43" assertions="1" time="0.000646"/>
        <testcase name="testGetSumOfHand" class="App\Card\ParticipantTest" classname="App.Card.ParticipantTest" file="/Users/grm/dbwebb-kurser/mvc/me/grmMvc21Lib/tests/Card/ParticipantTest.php" line="58" assertions="2" time="0.000708"/>
      </testsuite>
      <testsuite name="App\Card\Player21Test" file="/Users/grm/dbwebb-kurser/mvc/me/grmMvc21Lib/tests/Card/Player21Test.php" tests="5" assertions="9" errors="0" warnings="0" failures="0" skipped="0" time="0.003740">
        <testcase name="testCreateObjectWithArgument" class="App\Card\Player21Test" classname="App.Card.Player21Test" file="/Users/grm/dbwebb-kurser/mvc/me/grmMvc21Lib/tests/Card/Player21Test.php" line="17" assertions="3" time="0.000670"/>
        <testcase name="testGetResultContent" class="App\Card\Player21Test" classname="App.Card.Player21Test" file="/Users/grm/dbwebb-kurser/mvc/me/grmMvc21Lib/tests/Card/Player21Test.php" line="29" assertions="1" time="0.000761"/>
        <testcase name="testGetResultNotContent" class="App\Card\Player21Test" classname="App.Card.Player21Test" file="/Users/grm/dbwebb-kurser/mvc/me/grmMvc21Lib/tests/Card/Player21Test.php" line="44" assertions="1" time="0.000848"/>
        <testcase name="testGetResultLoss" class="App\Card\Player21Test" classname="App.Card.Player21Test" file="/Users/grm/dbwebb-kurser/mvc/me/grmMvc21Lib/tests/Card/Player21Test.php" line="60" assertions="1" time="0.000721"/>
        <testcase name="testGetResult21" class="App\Card\Player21Test" classname="App.Card.Player21Test" file="/Users/grm/dbwebb-kurser/mvc/me/grmMvc21Lib/tests/Card/Player21Test.php" line="75" assertions="3" time="0.000741"/>
      </testsuite>
      <testsuite name="App\Entity\BookTest" file="/Users/grm/dbwebb-kurser/mvc/me/grmMvc21Lib/tests/Entity/BookTest.php" tests="2" assertions="12" errors="0" warnings="0" failures="0" skipped="0" time="0.003078">
        <testcase name="testCreateEmptyBook" class="App\Entity\BookTest" classname="App.Entity.BookTest" file="/Users/grm/dbwebb-kurser/mvc/me/grmMvc21Lib/tests/Entity/BookTest.php" line="16" assertions="6" time="0.002482"/>
        <testcase name="testCreateBook" class="App\Entity\BookTest" classname="App.Entity.BookTest" file="/Users/grm/dbwebb-kurser/mvc/me/grmMvc21Lib/tests/Entity/BookTest.php" line="30" assertions="6" time="0.000596"/>
      </testsuite>
    </testsuite>
  </testsuite>
</testsuites>
